c:\desarrollo\shuadvancedgamesconsoleprojectsjlgm\chapter 8 lighting\litcolumns\x64\release\vc143.pdb
c:\desarrollo\shuadvancedgamesconsoleprojectsjlgm\chapter 8 lighting\litcolumns\x64\release\litcolumnsapp.obj
c:\desarrollo\shuadvancedgamesconsoleprojectsjlgm\chapter 8 lighting\litcolumns\x64\release\frameresource.obj
c:\desarrollo\shuadvancedgamesconsoleprojectsjlgm\chapter 8 lighting\litcolumns\x64\release\mathhelper.obj
c:\desarrollo\shuadvancedgamesconsoleprojectsjlgm\chapter 8 lighting\litcolumns\x64\release\geometrygenerator.obj
c:\desarrollo\shuadvancedgamesconsoleprojectsjlgm\chapter 8 lighting\litcolumns\x64\release\gametimer.obj
c:\desarrollo\shuadvancedgamesconsoleprojectsjlgm\chapter 8 lighting\litcolumns\x64\release\ddstextureloader.obj
c:\desarrollo\shuadvancedgamesconsoleprojectsjlgm\chapter 8 lighting\litcolumns\x64\release\d3dutil.obj
c:\desarrollo\shuadvancedgamesconsoleprojectsjlgm\chapter 8 lighting\litcolumns\x64\release\d3dapp.obj
c:\desarrollo\shuadvancedgamesconsoleprojectsjlgm\chapter 8 lighting\litcolumns\x64\release\litcolumns.exe
c:\desarrollo\shuadvancedgamesconsoleprojectsjlgm\chapter 8 lighting\litcolumns\x64\release\litcolumns.pdb
c:\desarrollo\a\d3d12book-master\d3d12book-master\chapter 8 lighting\litcolumns\x64\release\litcolumns.ipdb
c:\desarrollo\a\d3d12book-master\d3d12book-master\chapter 8 lighting\litcolumns\x64\release\litcolumns.iobj
c:\desarrollo\shuadvancedgamesconsoleprojectsjlgm\chapter 8 lighting\litcolumns\x64\release\litcolumns.ipdb
c:\desarrollo\shuadvancedgamesconsoleprojectsjlgm\chapter 8 lighting\litcolumns\x64\release\litcolumns.iobj
c:\desarrollo\shuadvancedgamesconsoleprojectsjlgm\chapter 8 lighting\litcolumns\x64\release\litcolumns.tlog\cl.command.1.tlog
c:\desarrollo\shuadvancedgamesconsoleprojectsjlgm\chapter 8 lighting\litcolumns\x64\release\litcolumns.tlog\cl.read.1.tlog
c:\desarrollo\shuadvancedgamesconsoleprojectsjlgm\chapter 8 lighting\litcolumns\x64\release\litcolumns.tlog\cl.write.1.tlog
c:\desarrollo\shuadvancedgamesconsoleprojectsjlgm\chapter 8 lighting\litcolumns\x64\release\litcolumns.tlog\link.command.1.tlog
c:\desarrollo\shuadvancedgamesconsoleprojectsjlgm\chapter 8 lighting\litcolumns\x64\release\litcolumns.tlog\link.read.1.tlog
c:\desarrollo\shuadvancedgamesconsoleprojectsjlgm\chapter 8 lighting\litcolumns\x64\release\litcolumns.tlog\link.write.1.tlog
c:\desarrollo\shuadvancedgamesconsoleprojectsjlgm\chapter 8 lighting\litcolumns\x64\release\litcolumns.tlog\litcolumns.write.1u.tlog
